;  LST file generated by mikroListExporter - v.2.0 
; Date/Time: 29-03-2021 11:42:09
;----------------------------------------------

;Address Opcode 	ASM
0x0000	0x28B3      	GOTO       179
_____DoICP:
;__Lib_System.c,6 :: 		
;__Lib_System.c,9 :: 		
0x0003	0x1283      	BCF        STATUS, 5
0x0004	0x1303      	BCF        STATUS, 6
0x0005	0x0823      	MOVF       ___DoICPAddr+1, 0
0x0006	0x008A      	MOVWF      PCLATH
;__Lib_System.c,10 :: 		
0x0007	0x0822      	MOVF       ___DoICPAddr, 0
0x0008	0x0082      	MOVWF      PCL
;__Lib_System.c,12 :: 		
L_end_____DoICP:
0x0009	0x0008      	RETURN
; end of _____DoICP
_Div_8X8_U:
;__Lib_Math.c,189 :: 		
;__Lib_Math.c,196 :: 		
0x000A	0x1283      	BCF        STATUS, 5
;__Lib_Math.c,197 :: 		
0x000B	0x1303      	BCF        STATUS, 6
;__Lib_Math.c,198 :: 		
0x000C	0x01F8      	CLRF       R8
;__Lib_Math.c,199 :: 		
0x000D	0x3008      	MOVLW      8
;__Lib_Math.c,200 :: 		
0x000E	0x00FC      	MOVWF      R12
;__Lib_Math.c,201 :: 		
0x000F	0x0D70      	RLF        R0, 0
;__Lib_Math.c,202 :: 		
0x0010	0x0DF8      	RLF        R8, 1
;__Lib_Math.c,203 :: 		
0x0011	0x0874      	MOVF       R4, 0
;__Lib_Math.c,204 :: 		
0x0012	0x02F8      	SUBWF      R8, 1
;__Lib_Math.c,205 :: 		
0x0013	0x1803      	BTFSC      STATUS, 0
;__Lib_Math.c,206 :: 		
0x0014	0x2817      	GOTO       $+3
;__Lib_Math.c,207 :: 		
0x0015	0x07F8      	ADDWF      R8, 1
;__Lib_Math.c,208 :: 		
0x0016	0x1003      	BCF        STATUS, 0
;__Lib_Math.c,209 :: 		
0x0017	0x0DF0      	RLF        R0, 1
;__Lib_Math.c,210 :: 		
0x0018	0x0BFC      	DECFSZ     R12, 1
;__Lib_Math.c,211 :: 		
0x0019	0x280F      	GOTO       $-10
;__Lib_Math.c,213 :: 		
L_end_Div_8X8_U:
0x001A	0x0008      	RETURN
; end of _Div_8X8_U
_mask:
;PulseMeter.c,11 :: 		unsigned short mask(unsigned short num) {
;PulseMeter.c,12 :: 		switch (num) {
0x001B	0x283C      	GOTO       L_mask0
;PulseMeter.c,13 :: 		case 0 : return 0xC0;
L_mask2:
0x001C	0x30C0      	MOVLW      192
0x001D	0x1283      	BCF        STATUS, 5
0x001E	0x1303      	BCF        STATUS, 6
0x001F	0x00F0      	MOVWF      R0
0x0020	0x2866      	GOTO       L_end_mask
;PulseMeter.c,14 :: 		case 1 : return 0xF9;
L_mask3:
0x0021	0x30F9      	MOVLW      249
0x0022	0x00F0      	MOVWF      R0
0x0023	0x2866      	GOTO       L_end_mask
;PulseMeter.c,15 :: 		case 2 : return 0xA4;
L_mask4:
0x0024	0x30A4      	MOVLW      164
0x0025	0x00F0      	MOVWF      R0
0x0026	0x2866      	GOTO       L_end_mask
;PulseMeter.c,16 :: 		case 3 : return 0xB0;
L_mask5:
0x0027	0x30B0      	MOVLW      176
0x0028	0x00F0      	MOVWF      R0
0x0029	0x2866      	GOTO       L_end_mask
;PulseMeter.c,17 :: 		case 4 : return 0x99;
L_mask6:
0x002A	0x3099      	MOVLW      153
0x002B	0x00F0      	MOVWF      R0
0x002C	0x2866      	GOTO       L_end_mask
;PulseMeter.c,18 :: 		case 5 : return 0x92;
L_mask7:
0x002D	0x3092      	MOVLW      146
0x002E	0x00F0      	MOVWF      R0
0x002F	0x2866      	GOTO       L_end_mask
;PulseMeter.c,19 :: 		case 6 : return 0x82;
L_mask8:
0x0030	0x3082      	MOVLW      130
0x0031	0x00F0      	MOVWF      R0
0x0032	0x2866      	GOTO       L_end_mask
;PulseMeter.c,20 :: 		case 7 : return 0xF8;
L_mask9:
0x0033	0x30F8      	MOVLW      248
0x0034	0x00F0      	MOVWF      R0
0x0035	0x2866      	GOTO       L_end_mask
;PulseMeter.c,21 :: 		case 8 : return 0x80;
L_mask10:
0x0036	0x3080      	MOVLW      128
0x0037	0x00F0      	MOVWF      R0
0x0038	0x2866      	GOTO       L_end_mask
;PulseMeter.c,22 :: 		case 9 : return 0x90;
L_mask11:
0x0039	0x3090      	MOVLW      144
0x003A	0x00F0      	MOVWF      R0
0x003B	0x2866      	GOTO       L_end_mask
;PulseMeter.c,23 :: 		} //case end
L_mask0:
0x003C	0x1283      	BCF        STATUS, 5
0x003D	0x1303      	BCF        STATUS, 6
0x003E	0x0829      	MOVF       FARG_mask_num, 0
0x003F	0x3A00      	XORLW      0
0x0040	0x1903      	BTFSC      STATUS, 2
0x0041	0x281C      	GOTO       L_mask2
0x0042	0x0829      	MOVF       FARG_mask_num, 0
0x0043	0x3A01      	XORLW      1
0x0044	0x1903      	BTFSC      STATUS, 2
0x0045	0x2821      	GOTO       L_mask3
0x0046	0x0829      	MOVF       FARG_mask_num, 0
0x0047	0x3A02      	XORLW      2
0x0048	0x1903      	BTFSC      STATUS, 2
0x0049	0x2824      	GOTO       L_mask4
0x004A	0x0829      	MOVF       FARG_mask_num, 0
0x004B	0x3A03      	XORLW      3
0x004C	0x1903      	BTFSC      STATUS, 2
0x004D	0x2827      	GOTO       L_mask5
0x004E	0x0829      	MOVF       FARG_mask_num, 0
0x004F	0x3A04      	XORLW      4
0x0050	0x1903      	BTFSC      STATUS, 2
0x0051	0x282A      	GOTO       L_mask6
0x0052	0x0829      	MOVF       FARG_mask_num, 0
0x0053	0x3A05      	XORLW      5
0x0054	0x1903      	BTFSC      STATUS, 2
0x0055	0x282D      	GOTO       L_mask7
0x0056	0x0829      	MOVF       FARG_mask_num, 0
0x0057	0x3A06      	XORLW      6
0x0058	0x1903      	BTFSC      STATUS, 2
0x0059	0x2830      	GOTO       L_mask8
0x005A	0x0829      	MOVF       FARG_mask_num, 0
0x005B	0x3A07      	XORLW      7
0x005C	0x1903      	BTFSC      STATUS, 2
0x005D	0x2833      	GOTO       L_mask9
0x005E	0x0829      	MOVF       FARG_mask_num, 0
0x005F	0x3A08      	XORLW      8
0x0060	0x1903      	BTFSC      STATUS, 2
0x0061	0x2836      	GOTO       L_mask10
0x0062	0x0829      	MOVF       FARG_mask_num, 0
0x0063	0x3A09      	XORLW      9
0x0064	0x1903      	BTFSC      STATUS, 2
0x0065	0x2839      	GOTO       L_mask11
;PulseMeter.c,24 :: 		}
L_end_mask:
0x0066	0x0008      	RETURN
; end of _mask
___CC2DW:
;__Lib_System.c,134 :: 		
;__Lib_System.c,137 :: 		
_CC2D_Loop1:
;__Lib_System.c,139 :: 		
0x0067	0x2003      	CALL       _____DoICP
0x0068	0x118A      	BCF        PCLATH, 3
0x0069	0x120A      	BCF        PCLATH, 4
;__Lib_System.c,141 :: 		
0x006A	0x0080      	MOVWF      INDF
;__Lib_System.c,142 :: 		
0x006B	0x0A84      	INCF       FSR, 1
;__Lib_System.c,143 :: 		
0x006C	0x0AA2      	INCF       ___DoICPAddr, 1
;__Lib_System.c,145 :: 		
0x006D	0x1903      	BTFSC      STATUS, 2
;__Lib_System.c,146 :: 		
0x006E	0x0AA3      	INCF       ___DoICPAddr+1, 1
;__Lib_System.c,147 :: 		
0x006F	0x03F0      	DECF       R0, 1
;__Lib_System.c,149 :: 		
0x0070	0x1D03      	BTFSS      STATUS, 2
;__Lib_System.c,150 :: 		
0x0071	0x2867      	GOTO       _CC2D_Loop1
;__Lib_System.c,152 :: 		
L_end___CC2DW:
0x0072	0x0008      	RETURN
; end of ___CC2DW
_display:
;PulseMeter.c,26 :: 		void display(){
;PulseMeter.c,27 :: 		DD0 = pulserate%10;
0x0073	0x300A      	MOVLW      10
0x0074	0x1283      	BCF        STATUS, 5
0x0075	0x1303      	BCF        STATUS, 6
0x0076	0x00F4      	MOVWF      R4
0x0077	0x0825      	MOVF       _pulserate, 0
0x0078	0x00F0      	MOVWF      R0
0x0079	0x200A      	CALL       _Div_8X8_U
0x007A	0x0878      	MOVF       R8, 0
0x007B	0x00F0      	MOVWF      R0
0x007C	0x0870      	MOVF       R0, 0
0x007D	0x00A8      	MOVWF      FLOC__display
0x007E	0x0828      	MOVF       FLOC__display, 0
0x007F	0x00A4      	MOVWF      _DD0
;PulseMeter.c,28 :: 		DD1 = (pulserate/10)%10;
0x0080	0x300A      	MOVLW      10
0x0081	0x00F4      	MOVWF      R4
0x0082	0x0825      	MOVF       _pulserate, 0
0x0083	0x00F0      	MOVWF      R0
0x0084	0x200A      	CALL       _Div_8X8_U
0x0085	0x300A      	MOVLW      10
0x0086	0x00F4      	MOVWF      R4
0x0087	0x200A      	CALL       _Div_8X8_U
0x0088	0x0878      	MOVF       R8, 0
0x0089	0x00F0      	MOVWF      R0
0x008A	0x0870      	MOVF       R0, 0
0x008B	0x00A1      	MOVWF      _DD1
;PulseMeter.c,29 :: 		DD2 = pulserate/100;
0x008C	0x3064      	MOVLW      100
0x008D	0x00F4      	MOVWF      R4
0x008E	0x0825      	MOVF       _pulserate, 0
0x008F	0x00F0      	MOVWF      R0
0x0090	0x200A      	CALL       _Div_8X8_U
0x0091	0x0870      	MOVF       R0, 0
0x0092	0x00A0      	MOVWF      _DD2
;PulseMeter.c,30 :: 		DD0_Set = 0;
0x0093	0x1105      	BCF        RA2_bit, BitPos(RA2_bit+0)
;PulseMeter.c,31 :: 		DD1_Set = 1;
0x0094	0x1485      	BSF        RA1_bit, BitPos(RA1_bit+0)
;PulseMeter.c,32 :: 		DD2_Set = 1;
0x0095	0x1405      	BSF        RA0_bit, BitPos(RA0_bit+0)
;PulseMeter.c,33 :: 		PORTB = mask(DD0);//display LCD
0x0096	0x0828      	MOVF       FLOC__display, 0
0x0097	0x00A9      	MOVWF      FARG_mask_num
0x0098	0x201B      	CALL       _mask
0x0099	0x1283      	BCF        STATUS, 5
0x009A	0x1303      	BCF        STATUS, 6
0x009B	0x0870      	MOVF       R0, 0
0x009C	0x0086      	MOVWF      PORTB
;PulseMeter.c,34 :: 		DD0_Set = 1;
0x009D	0x1505      	BSF        RA2_bit, BitPos(RA2_bit+0)
;PulseMeter.c,35 :: 		DD1_Set = 0;
0x009E	0x1085      	BCF        RA1_bit, BitPos(RA1_bit+0)
;PulseMeter.c,36 :: 		DD2_Set = 1;
0x009F	0x1405      	BSF        RA0_bit, BitPos(RA0_bit+0)
;PulseMeter.c,37 :: 		PORTB = mask(DD1); //display mid. digit
0x00A0	0x0821      	MOVF       _DD1, 0
0x00A1	0x00A9      	MOVWF      FARG_mask_num
0x00A2	0x201B      	CALL       _mask
0x00A3	0x1283      	BCF        STATUS, 5
0x00A4	0x1303      	BCF        STATUS, 6
0x00A5	0x0870      	MOVF       R0, 0
0x00A6	0x0086      	MOVWF      PORTB
;PulseMeter.c,38 :: 		DD0_Set = 1;
0x00A7	0x1505      	BSF        RA2_bit, BitPos(RA2_bit+0)
;PulseMeter.c,39 :: 		DD1_Set = 1;
0x00A8	0x1485      	BSF        RA1_bit, BitPos(RA1_bit+0)
;PulseMeter.c,40 :: 		DD2_Set = 0;
0x00A9	0x1005      	BCF        RA0_bit, BitPos(RA0_bit+0)
;PulseMeter.c,41 :: 		PORTB = mask(DD2); //display MCD
0x00AA	0x0820      	MOVF       _DD2, 0
0x00AB	0x00A9      	MOVWF      FARG_mask_num
0x00AC	0x201B      	CALL       _mask
0x00AD	0x1283      	BCF        STATUS, 5
0x00AE	0x1303      	BCF        STATUS, 6
0x00AF	0x0870      	MOVF       R0, 0
0x00B0	0x0086      	MOVWF      PORTB
;PulseMeter.c,42 :: 		DD2_Set = 1;
0x00B1	0x1405      	BSF        RA0_bit, BitPos(RA0_bit+0)
;PulseMeter.c,43 :: 		}
L_end_display:
0x00B2	0x0008      	RETURN
; end of _display
_main:
;PulseMeter.c,45 :: 		void main()
;PulseMeter.c,47 :: 		CMCON = 0x07;    // Disable Comparators
0x00B3	0x3007      	MOVLW      7
0x00B4	0x1283      	BCF        STATUS, 5
0x00B5	0x1303      	BCF        STATUS, 6
0x00B6	0x009F      	MOVWF      CMCON
;PulseMeter.c,48 :: 		TRISA = 0b00111000; // RA4/T0CKI input, RA5 is I/P only
0x00B7	0x3038      	MOVLW      56
0x00B8	0x1683      	BSF        STATUS, 5
0x00B9	0x0085      	MOVWF      TRISA
;PulseMeter.c,49 :: 		TRISB = 0b10000000; // RB7 input, rest output
0x00BA	0x3080      	MOVLW      128
0x00BB	0x0086      	MOVWF      TRISB
;PulseMeter.c,50 :: 		OPTION_REG = 0b00101000;
0x00BC	0x3028      	MOVLW      40
0x00BD	0x0081      	MOVWF      OPTION_REG
;PulseMeter.c,51 :: 		while(1)
L_main12:
;PulseMeter.c,53 :: 		x=0;
0x00BE	0x1283      	BCF        STATUS, 5
0x00BF	0x01A7      	CLRF       _x
;PulseMeter.c,55 :: 		while(IR_Tx){
L_main14:
0x00C0	0x1D85      	BTFSS      RA3_bit, BitPos(RA3_bit+0)
0x00C1	0x28D4      	GOTO       L_main15
;PulseMeter.c,56 :: 		while(pc<=0){}
L_main16:
0x00C2	0x01F1      	CLRF       R1
0x00C3	0x1A05      	BTFSC      RA4_bit, BitPos(RA4_bit+0)
0x00C4	0x0AF1      	INCF       R1, 1
0x00C5	0x0871      	MOVF       R1, 0
0x00C6	0x3C00      	SUBLW      0
0x00C7	0x1C03      	BTFSS      STATUS, 0
0x00C8	0x28CA      	GOTO       L_main17
0x00C9	0x28C2      	GOTO       L_main16
L_main17:
;PulseMeter.c,57 :: 		while(pc>0){}
L_main18:
0x00CA	0x01F1      	CLRF       R1
0x00CB	0x1A05      	BTFSC      RA4_bit, BitPos(RA4_bit+0)
0x00CC	0x0AF1      	INCF       R1, 1
0x00CD	0x0871      	MOVF       R1, 0
0x00CE	0x3C00      	SUBLW      0
0x00CF	0x1803      	BTFSC      STATUS, 0
0x00D0	0x28D2      	GOTO       L_main19
0x00D1	0x28CA      	GOTO       L_main18
L_main19:
;PulseMeter.c,58 :: 		x=x++;
0x00D2	0x0AA7      	INCF       _x, 1
;PulseMeter.c,59 :: 		}
0x00D3	0x28C0      	GOTO       L_main14
L_main15:
;PulseMeter.c,60 :: 		pulsecount = x;
0x00D4	0x0827      	MOVF       _x, 0
0x00D5	0x00A6      	MOVWF      _pulsecount
;PulseMeter.c,61 :: 		pulserate = x;//here some modification required bcz pulse rate =pulse count/time required
0x00D6	0x0827      	MOVF       _x, 0
0x00D7	0x00A5      	MOVWF      _pulserate
;PulseMeter.c,62 :: 		display();
0x00D8	0x2073      	CALL       _display
;PulseMeter.c,63 :: 		Delay_ms(5000);
0x00D9	0x3033      	MOVLW      51
0x00DA	0x00FB      	MOVWF      R11
0x00DB	0x30BB      	MOVLW      187
0x00DC	0x00FC      	MOVWF      R12
0x00DD	0x30DF      	MOVLW      223
0x00DE	0x00FD      	MOVWF      R13
L_main20:
0x00DF	0x0BFD      	DECFSZ     R13, 1
0x00E0	0x28DF      	GOTO       L_main20
0x00E1	0x0BFC      	DECFSZ     R12, 1
0x00E2	0x28DF      	GOTO       L_main20
0x00E3	0x0BFB      	DECFSZ     R11, 1
0x00E4	0x28DF      	GOTO       L_main20
0x00E5	0x0000      	NOP
0x00E6	0x0000      	NOP
;PulseMeter.c,64 :: 		}
0x00E7	0x28BE      	GOTO       L_main12
;PulseMeter.c,65 :: 		}
L_end_main:
0x00E8	0x28E8      	GOTO       $+0
; end of _main
Symbol List:
//** Routines locations **
//ADDRESS    SIZE    PROCEDURE
//----------------------------------------------
0x0003       [7]    _____DoICP
0x000A      [17]    _Div_8X8_U
0x001B      [76]    _mask
0x0067      [12]    ___CC2DW
0x0073      [64]    _display
0x00B3      [54]    _main
//** Variables locations ** 
//ADDRESS    SIZE    VARIABLE
//----------------------------------------------
0x0000       [1]    INDF
0x0002       [1]    PCL
0x0003       [1]    STATUS
0x0004       [1]    FSR
0x0005       [0]    DD0_Set
0x0005       [0]    RA0_bit
0x0005       [0]    DD2_Set
0x0005       [0]    DD1_Set
0x0005       [0]    RA1_bit
0x0005       [0]    RA4_bit
0x0005       [0]    RA2_bit
0x0005       [0]    IR_Tx
0x0005       [0]    RA3_bit
0x0005       [0]    pc
0x0006       [1]    PORTB
0x000A       [1]    PCLATH
0x001F       [1]    CMCON
0x0020       [1]    _DD2
0x0021       [1]    _DD1
0x0022       [2]    ___DoICPAddr
0x0024       [1]    _DD0
0x0025       [1]    _pulserate
0x0026       [1]    _pulsecount
0x0027       [1]    _x
0x0028       [1]    FLOC__display
0x0029       [1]    FARG_mask_num
0x0070       [1]    R0
0x0071       [1]    R1
0x0072       [1]    R2
0x0073       [1]    R3
0x0074       [1]    R4
0x0075       [1]    R5
0x0076       [1]    R6
0x0077       [1]    R7
0x0078       [1]    R8
0x0079       [1]    R9
0x007A       [1]    R10
0x007B       [1]    R11
0x007C       [1]    R12
0x007D       [1]    R13
0x007E       [1]    R14
0x007F       [1]    R15
0x0081       [1]    OPTION_REG
0x0085       [1]    TRISA
0x0086       [1]    TRISB
